nim_lib/build/intermediates/manifest_merge_blame_file/debug/manifest-merger-blame-debug-report.txt
1<?xml version="1.0" encoding="utf-8"?>
2<manifest xmlns:android="http://schemas.android.com/apk/res/android"
3    package="com.example.nim_lib"
4    android:versionCode="1"
5    android:versionName="1.0" >
6
7    <uses-sdk
8        android:minSdkVersion="21"
8-->src\main\AndroidManifest.xml
9        android:targetSdkVersion="28" />
9-->src\main\AndroidManifest.xml
10
11    <!-- 权限声明 -->
12    <!-- 访问网络状态 -->
13    <uses-permission android:name="android.permission.INTERNET" />
13-->src\main\AndroidManifest.xml:6:9-71
13-->src\main\AndroidManifest.xml:6:26-68
14    <uses-permission android:name="android.permission.ACCESS_NETWORK_STATE" />
14-->src\main\AndroidManifest.xml:7:9-83
14-->src\main\AndroidManifest.xml:7:26-80
15    <uses-permission android:name="android.permission.ACCESS_WIFI_STATE" />
15-->src\main\AndroidManifest.xml:8:9-80
15-->src\main\AndroidManifest.xml:8:26-77
16    <!-- 控制呼吸灯，振动器等，用于新消息提醒 -->
17    <uses-permission android:name="android.permission.FLASHLIGHT" />
17-->src\main\AndroidManifest.xml:10:9-73
17-->src\main\AndroidManifest.xml:10:26-70
18    <uses-permission android:name="android.permission.REORDER_TASKS" />
18-->src\main\AndroidManifest.xml:11:5-72
18-->src\main\AndroidManifest.xml:11:22-69
19    <uses-permission android:name="android.permission.VIBRATE" />
19-->src\main\AndroidManifest.xml:12:5-66
19-->src\main\AndroidManifest.xml:12:22-63
20    <!-- 外置存储存取权限 -->
21    <uses-permission android:name="android.permission.READ_EXTERNAL_STORAGE" />
21-->src\main\AndroidManifest.xml:14:9-83
21-->src\main\AndroidManifest.xml:14:26-81
22    <uses-permission android:name="android.permission.WRITE_EXTERNAL_STORAGE" />
22-->src\main\AndroidManifest.xml:15:9-84
22-->src\main\AndroidManifest.xml:15:26-82
23
24    <!-- 多媒体相关 -->
25    <uses-permission android:name="android.permission.CAMERA" />
25-->src\main\AndroidManifest.xml:18:9-68
25-->src\main\AndroidManifest.xml:18:26-66
26    <uses-permission android:name="android.permission.RECORD_AUDIO" />
26-->src\main\AndroidManifest.xml:19:9-74
26-->src\main\AndroidManifest.xml:19:26-72
27    <uses-permission android:name="android.permission.READ_PHONE_STATE" />
27-->src\main\AndroidManifest.xml:20:9-78
27-->src\main\AndroidManifest.xml:20:26-76
28
29    <!-- 用于视频通话过程中保持常亮 -->
30    <uses-permission android:name="android.permission.WAKE_LOCK" />
30-->src\main\AndroidManifest.xml:23:9-71
30-->src\main\AndroidManifest.xml:23:26-69
31
32    <!-- 如果需要实时音视频通话模块，下面的权限也是必须的。否则，可以不加 -->
33    <uses-permission android:name="android.permission.BLUETOOTH" />
33-->src\main\AndroidManifest.xml:26:9-72
33-->src\main\AndroidManifest.xml:26:26-69
34    <uses-permission android:name="android.permission.BLUETOOTH_ADMIN" />
34-->src\main\AndroidManifest.xml:27:9-78
34-->src\main\AndroidManifest.xml:27:26-75
35    <uses-permission android:name="android.permission.MODIFY_AUDIO_SETTINGS" />
35-->src\main\AndroidManifest.xml:28:9-83
35-->src\main\AndroidManifest.xml:28:26-81
36    <uses-permission android:name="android.permission.BROADCAST_STICKY" />
36-->src\main\AndroidManifest.xml:29:9-78
36-->src\main\AndroidManifest.xml:29:26-76
37
38    <uses-feature android:name="android.hardware.camera" />
38-->src\main\AndroidManifest.xml:30:9-64
38-->src\main\AndroidManifest.xml:30:23-61
39    <uses-feature android:name="android.hardware.camera.autofocus" />
39-->src\main\AndroidManifest.xml:31:9-74
39-->src\main\AndroidManifest.xml:31:23-71
40    <uses-feature
40-->src\main\AndroidManifest.xml:32:9-82
41        android:glEsVersion="0x00020000"
41-->src\main\AndroidManifest.xml:32:23-55
42        android:required="true" />
42-->src\main\AndroidManifest.xml:32:56-79
43
44    <!-- SDK 权限申明, 第三方 APP 接入时，请将 com.netease.nim.demo 替换为自己的包名 -->
45    <!-- 和下面的 uses-permission 一起加入到你的 AndroidManifest 文件中。 -->
46    <permission
46-->src\main\AndroidManifest.xml:36:9-38:50
47        android:name="com.example.nim_lib.permission.RECEIVE_MSG"
47-->src\main\AndroidManifest.xml:37:13-70
48        android:protectionLevel="signature" />
48-->src\main\AndroidManifest.xml:38:13-48
49    <!-- 接收 SDK 消息广播权限， 第三方 APP 接入时，请将 com.netease.nim.demo 替换为自己的包名 -->
50    <uses-permission android:name="com.example.nim_lib.permission.RECEIVE_MSG" />
50-->src\main\AndroidManifest.xml:40:9-85
50-->src\main\AndroidManifest.xml:40:26-83
51
52    <application
52-->src\main\AndroidManifest.xml:42:5-105:19
53        android:allowBackup="true"
53-->src\main\AndroidManifest.xml:43:9-35
54        android:label="@string/app_name" >
54-->src\main\AndroidManifest.xml:44:9-41
55
56        <!-- 视频通话 -->
57        <activity
57-->src\main\AndroidManifest.xml:47:9-49:51
58            android:name="com.example.nim_lib.ui.VideoActivity"
58-->src\main\AndroidManifest.xml:47:19-51
59            android:launchMode="singleInstance"
59-->src\main\AndroidManifest.xml:48:13-48
60            android:screenOrientation="portrait" />
60-->src\main\AndroidManifest.xml:49:13-49
61
62        <!--
63          APP key, 可以在这里设置，也可以在 SDKOptions 中提供。
64          如果 SDKOptions 中提供了，取 SDKOptions 中的值。
65        -->
66        <meta-data
66-->src\main\AndroidManifest.xml:53:9-55:64
67            android:name="com.netease.nim.appKey"
67-->src\main\AndroidManifest.xml:54:13-50
68            android:value="130ddca595ff76f5046280cdbd5ff035" /> <!-- 常聊聊f1ccdb6a201bc7b77d6084851e2b85a1 -->
68-->src\main\AndroidManifest.xml:55:13-61
69
70
71        <!-- 云信后台服务，请使用独立进程。 -->
72        <service
72-->src\main\AndroidManifest.xml:58:9-60:38
73            android:name="com.netease.nimlib.service.NimService"
73-->src\main\AndroidManifest.xml:59:13-65
74            android:process=":core" />
74-->src\main\AndroidManifest.xml:60:13-36
75
76        <!-- 云信后台辅助服务 -->
77        <service
77-->src\main\AndroidManifest.xml:63:9-65:38
78            android:name="com.netease.nimlib.service.NimService$Aux"
78-->src\main\AndroidManifest.xml:64:13-69
79            android:process=":core" />
79-->src\main\AndroidManifest.xml:65:13-36
80
81        <!-- 云信后台辅助服务 -->
82        <service
82-->src\main\AndroidManifest.xml:68:9-72:38
83            android:name="com.netease.nimlib.job.NIMJobService"
83-->src\main\AndroidManifest.xml:69:13-64
84            android:exported="true"
84-->src\main\AndroidManifest.xml:70:13-36
85            android:permission="android.permission.BIND_JOB_SERVICE"
85-->src\main\AndroidManifest.xml:71:13-69
86            android:process=":core" />
86-->src\main\AndroidManifest.xml:72:13-36
87
88        <!-- 云信监视系统启动和网络变化的广播接收器，保持和 NimService 同一进程 -->
89        <receiver
89-->src\main\AndroidManifest.xml:75:9-82:20
90            android:name="com.netease.nimlib.service.NimReceiver"
90-->src\main\AndroidManifest.xml:75:19-72
91            android:exported="false"
91-->src\main\AndroidManifest.xml:77:13-37
92            android:process=":core" >
92-->src\main\AndroidManifest.xml:76:13-36
93            <intent-filter>
93-->src\main\AndroidManifest.xml:78:13-81:29
94                <action android:name="android.intent.action.BOOT_COMPLETED" />
94-->src\main\AndroidManifest.xml:79:17-78
94-->src\main\AndroidManifest.xml:79:25-76
95                <action android:name="android.net.conn.CONNECTIVITY_CHANGE" />
95-->src\main\AndroidManifest.xml:80:17-78
95-->src\main\AndroidManifest.xml:80:25-76
96            </intent-filter>
97        </receiver>
98
99        <!-- 云信进程间通信 Receiver -->
100        <receiver android:name="com.netease.nimlib.service.ResponseReceiver" />
100-->src\main\AndroidManifest.xml:85:9-79
100-->src\main\AndroidManifest.xml:85:19-77
101
102        <!-- 云信进程间通信service -->
103        <service android:name="com.netease.nimlib.service.ResponseService" />
103-->src\main\AndroidManifest.xml:88:9-77
103-->src\main\AndroidManifest.xml:88:18-75
104
105        <!-- 云信进程间通信provider -->
106        <!-- android:authorities="{包名}.ipc.provider", 请将com.netease.nim.demo替换为自己的包名 -->
107        <provider
107-->src\main\AndroidManifest.xml:92:9-96:39
108            android:name="com.netease.nimlib.ipc.NIMContentProvider"
108-->src\main\AndroidManifest.xml:93:13-69
109            android:authorities="com.example.nim_lib.ipc.provider"
109-->src\main\AndroidManifest.xml:94:13-67
110            android:exported="false"
110-->src\main\AndroidManifest.xml:95:13-37
111            android:process=":core" />
111-->src\main\AndroidManifest.xml:96:13-36
112
113        <!-- 申明本地电话状态（通话状态）的广播接收器，第三方APP集成时音视频模块时，如果需要在App中处理网络通话与本地电话的交互请加上此接收器 -->
114        <!-- 在Demo的示例代码中是在Application进行了网络通话与本地电话的互斥处理 -->
115        <receiver android:name="com.example.nim_lib.receiver.IncomingCallReceiver" >
115-->src\main\AndroidManifest.xml:100:9-104:20
115-->src\main\AndroidManifest.xml:100:19-64
116            <intent-filter>
116-->src\main\AndroidManifest.xml:101:13-103:29
117                <action android:name="android.intent.action.PHONE_STATE" />
117-->src\main\AndroidManifest.xml:102:17-75
117-->src\main\AndroidManifest.xml:102:25-73
118            </intent-filter>
119        </receiver>
120    </application>
121
122</manifest>